<?xml version="1.0" encoding="UTF-8"?>
<!-- Generated by org.testng.reporters.JUnitXMLReporter -->
<testsuite ignored="0" hostname="DESKTOP-AJLC7JG" failures="0" tests="10" name="Test" time="19.185" errors="0" timestamp="2023-07-06T18:46:54 IST">
  <testcase classname="com.actitime.testscript.ProjectModule" name="createProject" time="0.013"/>
  <testcase classname="com.actitime.testscript.ProjectModule" name="deleteProject" time="0.003"/>
  <testcase classname="com.actitime.testscript.ProjectModule" name="modifyProject" time="0.002"/>
  <testcase classname="datadriventesting.LoginToActitime" name="loginActitimeTest" time="19.085"/>
  <testcase classname="com.actitime.testscript.CustomerModule" name="createCustomer" time="0.002"/>
  <testcase classname="com.actitime.testscript.CustomerModule" name="deleteCustomer" time="0.002"/>
  <testcase classname="com.actitime.testscript.CustomerModule" name="modifyCustomer" time="0.002"/>
  <testcase classname="com.actitime.testscript.TaskModule" name="createTask" time="0.001"/>
  <testcase classname="com.actitime.testscript.TaskModule" name="deleteTask" time="0.002"/>
  <testcase classname="com.actitime.testscript.TaskModule" name="modifyTask" time="0.002"/>
</testsuite> <!-- Test -->
